<?xml version="1.0" encoding="UTF-8"?>
<testsuite name="PhoneBookTest" tests="1" skipped="0" failures="0" errors="0" timestamp="2020-05-13T07:43:13" hostname="DESKTOP-4AT7FTL" time="127.946">
  <properties/>
  <testcase name="start" classname="PhoneBookTest" time="127.946"/>
  <system-out><![CDATA[?[1;31m
Start test 1?[0m
Start searching...
Found 500 / 500 entries. Time taken: 0 min. 3 sec. 845 ms.
Start searching (bubble sort + jump search)...
Found 500 / 500 entries. Time taken: 0 min. 42 sec. 262 ms.
Sorting time: 0 min. 38 sec. 479 ms.   STOPPED, moved to linear search...
Searching time: 0 min. 3 sec. 783 ms.
Start searching (quick sort + binary search)...
Found 500 / 500 entries. Time taken: 1 min. 19 sec. 764 ms.
Sorting time: 1 min. 19 sec. 761 ms.
Searching time: 0 min. 0 sec. 3 ms.
Start searching (hash table))...
Found 500 / 500 entries. Time taken: 0 min. 0 sec. 269 ms.
Creating time: 0 min. 0 sec. 269 ms.
Searching time: 0 min. 0 sec. 0 ms.
]]></system-out>
  <system-err><![CDATA[]]></system-err>
</testsuite>
